  [1m[35m (0.1ms)[0m  [1m[34mSELECT sqlite_version(*)[0m
  ↳ bin/rails:9
  [1m[35m (145.7ms)[0m  [1m[35mCREATE TABLE "schema_migrations" ("version" varchar NOT NULL PRIMARY KEY)[0m
  ↳ bin/rails:9
  [1m[35m (216.8ms)[0m  [1m[35mCREATE TABLE "ar_internal_metadata" ("key" varchar NOT NULL PRIMARY KEY, "value" varchar, "created_at" datetime NOT NULL, "updated_at" datetime NOT NULL)[0m
  ↳ bin/rails:9
  [1m[35m (0.3ms)[0m  [1m[34mSELECT "schema_migrations"."version" FROM "schema_migrations" ORDER BY "schema_migrations"."version" ASC[0m
  ↳ bin/rails:9
Migrating to CreateCours (20181024163745)
  [1m[35m (0.1ms)[0m  [1m[36mbegin transaction[0m
  ↳ bin/rails:9
  [1m[35m (0.4ms)[0m  [1m[35mCREATE TABLE "cours" ("id" integer PRIMARY KEY AUTOINCREMENT NOT NULL, "title" varchar, "desc" varchar, "created_at" datetime NOT NULL, "updated_at" datetime NOT NULL)[0m
  ↳ db/migrate/20181024163745_create_cours.rb:3
  [1m[36mActiveRecord::SchemaMigration Create (0.1ms)[0m  [1m[32mINSERT INTO "schema_migrations" ("version") VALUES (?)[0m  [["version", "20181024163745"]]
  ↳ bin/rails:9
  [1m[35m (125.7ms)[0m  [1m[36mcommit transaction[0m
  ↳ bin/rails:9
Migrating to CreateLessons (20181024163753)
  [1m[35m (0.1ms)[0m  [1m[36mbegin transaction[0m
  ↳ bin/rails:9
  [1m[35m (0.7ms)[0m  [1m[35mCREATE TABLE "lessons" ("id" integer PRIMARY KEY AUTOINCREMENT NOT NULL, "title" varchar, "body" varchar, "cour_id" integer, "created_at" datetime NOT NULL, "updated_at" datetime NOT NULL)[0m
  ↳ db/migrate/20181024163753_create_lessons.rb:3
  [1m[35m (0.6ms)[0m  [1m[35mCREATE  INDEX "index_lessons_on_cour_id" ON "lessons" ("cour_id")[0m
  ↳ db/migrate/20181024163753_create_lessons.rb:3
  [1m[36mActiveRecord::SchemaMigration Create (0.3ms)[0m  [1m[32mINSERT INTO "schema_migrations" ("version") VALUES (?)[0m  [["version", "20181024163753"]]
  ↳ bin/rails:9
  [1m[35m (125.7ms)[0m  [1m[36mcommit transaction[0m
  ↳ bin/rails:9
  [1m[36mActiveRecord::InternalMetadata Load (0.4ms)[0m  [1m[34mSELECT  "ar_internal_metadata".* FROM "ar_internal_metadata" WHERE "ar_internal_metadata"."key" = ? LIMIT ?[0m  [["key", "environment"], ["LIMIT", 1]]
  ↳ bin/rails:9
  [1m[35m (0.2ms)[0m  [1m[36mbegin transaction[0m
  ↳ bin/rails:9
  [1m[36mActiveRecord::InternalMetadata Create (0.5ms)[0m  [1m[32mINSERT INTO "ar_internal_metadata" ("key", "value", "created_at", "updated_at") VALUES (?, ?, ?, ?)[0m  [["key", "environment"], ["value", "development"], ["created_at", "2018-10-24 16:41:33.206735"], ["updated_at", "2018-10-24 16:41:33.206735"]]
  ↳ bin/rails:9
  [1m[35m (101.1ms)[0m  [1m[36mcommit transaction[0m
  ↳ bin/rails:9
  [1m[35m (0.3ms)[0m  [1m[34mSELECT "schema_migrations"."version" FROM "schema_migrations" ORDER BY "schema_migrations"."version" ASC[0m
  ↳ bin/rails:9
  [1m[35m (0.1ms)[0m  [1m[34mSELECT "schema_migrations"."version" FROM "schema_migrations" ORDER BY "schema_migrations"."version" ASC[0m
  ↳ bin/rails:9
  [1m[35m (0.1ms)[0m  [1m[34mSELECT "schema_migrations"."version" FROM "schema_migrations" ORDER BY "schema_migrations"."version" ASC[0m
  ↳ bin/rails:9
  [1m[35m (0.1ms)[0m  [1m[34mSELECT "schema_migrations"."version" FROM "schema_migrations" ORDER BY "schema_migrations"."version" ASC[0m
  ↳ bin/rails:9
  [1m[35m (0.1ms)[0m  [1m[34mSELECT "schema_migrations"."version" FROM "schema_migrations" ORDER BY "schema_migrations"."version" ASC[0m
  ↳ bin/rails:9
  [1m[35m (0.1ms)[0m  [1m[34mSELECT "schema_migrations"."version" FROM "schema_migrations" ORDER BY "schema_migrations"."version" ASC[0m
  ↳ bin/rails:9
  [1m[35m (0.1ms)[0m  [1m[36mbegin transaction[0m
  ↳ db/seeds.rb:3
  [1m[36mCour Create (0.2ms)[0m  [1m[32mINSERT INTO "cours" ("title", "desc", "created_at", "updated_at") VALUES (?, ?, ?, ?)[0m  [["title", "Portnoy finds joy in hoi polloi boy toy"], ["desc", "Man, I would have to be a real lowlife to go rooting around in someone else's private property. Is it locked? Yeah. Really well."], ["created_at", "2018-10-24 16:51:45.595149"], ["updated_at", "2018-10-24 16:51:45.595149"]]
  ↳ db/seeds.rb:3
  [1m[35m (100.9ms)[0m  [1m[36mcommit transaction[0m
  ↳ db/seeds.rb:3
  [1m[35m (0.1ms)[0m  [1m[36mbegin transaction[0m
  ↳ db/seeds.rb:3
  [1m[36mCour Create (0.5ms)[0m  [1m[32mINSERT INTO "cours" ("title", "desc", "created_at", "updated_at") VALUES (?, ?, ?, ?)[0m  [["title", "Did you steal a meal from Neal McBeal the Navy Seal?"], ["desc", "So you got fired again eh? Oh yeah. They always freak out when you leave the scene of an accident."], ["created_at", "2018-10-24 16:51:45.698749"], ["updated_at", "2018-10-24 16:51:45.698749"]]
  ↳ db/seeds.rb:3
  [1m[35m (105.8ms)[0m  [1m[36mcommit transaction[0m
  ↳ db/seeds.rb:3
  [1m[35m (0.1ms)[0m  [1m[36mbegin transaction[0m
  ↳ db/seeds.rb:3
  [1m[36mCour Create (0.5ms)[0m  [1m[32mINSERT INTO "cours" ("title", "desc", "created_at", "updated_at") VALUES (?, ?, ?, ?)[0m  [["title", "Portnoy finds joy in hoi polloi boy toy"], ["desc", "G'day mate! Let's put another shrimp on the barbie!"], ["created_at", "2018-10-24 16:51:45.808288"], ["updated_at", "2018-10-24 16:51:45.808288"]]
  ↳ db/seeds.rb:3
  [1m[35m (128.9ms)[0m  [1m[36mcommit transaction[0m
  ↳ db/seeds.rb:3
  [1m[35m (0.1ms)[0m  [1m[36mbegin transaction[0m
  ↳ db/seeds.rb:7
  [1m[36mCour Load (0.2ms)[0m  [1m[34mSELECT  "cours".* FROM "cours" WHERE "cours"."id" = ? LIMIT ?[0m  [["id", 1], ["LIMIT", 1]]
  ↳ db/seeds.rb:7
  [1m[36mLesson Create (0.3ms)[0m  [1m[32mINSERT INTO "lessons" ("title", "body", "cour_id", "created_at", "updated_at") VALUES (?, ?, ?, ?, ?)[0m  [["title", "De Vermis Mysteriis"], ["body", "Fainted loathsome dank gibbous cat squamous foetid non-euclidean. Blasphemous amorphous stygian cat loathsome. Antediluvian antiquarian tenebrous nameless loathsome iridescence."], ["cour_id", 1], ["created_at", "2018-10-24 16:51:45.985594"], ["updated_at", "2018-10-24 16:51:45.985594"]]
  ↳ db/seeds.rb:7
  [1m[35m (216.0ms)[0m  [1m[36mcommit transaction[0m
  ↳ db/seeds.rb:7
  [1m[35m (0.1ms)[0m  [1m[36mbegin transaction[0m
  ↳ db/seeds.rb:7
  [1m[36mCour Load (0.2ms)[0m  [1m[34mSELECT  "cours".* FROM "cours" WHERE "cours"."id" = ? LIMIT ?[0m  [["id", 2], ["LIMIT", 1]]
  ↳ db/seeds.rb:7
  [1m[36mLesson Create (0.5ms)[0m  [1m[32mINSERT INTO "lessons" ("title", "body", "cour_id", "created_at", "updated_at") VALUES (?, ?, ?, ?, ?)[0m  [["title", "Necronomicon"], ["body", "Spectral antiquarian unnamable charnel daemoniac stygian manuscript abnormal. Indescribable lurk stench. Tentacles loathsome lurk squamous comprehension spectral. Immemorial foetid hideous unmentionable manuscript antiquarian. Gambrel unnamable comprehension unmentionable gibbous lurk loathsome."], ["cour_id", 2], ["created_at", "2018-10-24 16:51:46.206815"], ["updated_at", "2018-10-24 16:51:46.206815"]]
  ↳ db/seeds.rb:7
  [1m[35m (103.6ms)[0m  [1m[36mcommit transaction[0m
  ↳ db/seeds.rb:7
  [1m[35m (0.1ms)[0m  [1m[36mbegin transaction[0m
  ↳ db/seeds.rb:7
  [1m[36mCour Load (0.2ms)[0m  [1m[34mSELECT  "cours".* FROM "cours" WHERE "cours"."id" = ? LIMIT ?[0m  [["id", 3], ["LIMIT", 1]]
  ↳ db/seeds.rb:7
  [1m[36mLesson Create (0.5ms)[0m  [1m[32mINSERT INTO "lessons" ("title", "body", "cour_id", "created_at", "updated_at") VALUES (?, ?, ?, ?, ?)[0m  [["title", "Book of Eibon"], ["body", "Cyclopean gibbous unutterable. Stench squamous gibbous daemoniac ululate antediluvian manuscript. Effulgence fainted foetid antediluvian. Noisome unnamable stygian."], ["cour_id", 3], ["created_at", "2018-10-24 16:51:46.316012"], ["updated_at", "2018-10-24 16:51:46.316012"]]
  ↳ db/seeds.rb:7
  [1m[35m (104.0ms)[0m  [1m[36mcommit transaction[0m
  ↳ db/seeds.rb:7
  [1m[35m (0.2ms)[0m  [1m[36mbegin transaction[0m
  ↳ db/seeds.rb:7
  [1m[36mCour Load (0.2ms)[0m  [1m[34mSELECT  "cours".* FROM "cours" WHERE "cours"."id" = ? LIMIT ?[0m  [["id", 3], ["LIMIT", 1]]
  ↳ db/seeds.rb:7
  [1m[36mLesson Create (0.5ms)[0m  [1m[32mINSERT INTO "lessons" ("title", "body", "cour_id", "created_at", "updated_at") VALUES (?, ?, ?, ?, ?)[0m  [["title", "Eltdown Shards"], ["body", "Noisome unnamable stench cat unutterable. Gambrel antiquarian stygian nameless charnel. Gambrel accursed dank fainted antediluvian charnel. Decadent gibbous effulgence dank gambrel noisome unnamable."], ["cour_id", 3], ["created_at", "2018-10-24 16:51:46.425711"], ["updated_at", "2018-10-24 16:51:46.425711"]]
  ↳ db/seeds.rb:7
  [1m[35m (128.6ms)[0m  [1m[36mcommit transaction[0m
  ↳ db/seeds.rb:7
  [1m[35m (0.1ms)[0m  [1m[36mbegin transaction[0m
  ↳ db/seeds.rb:7
  [1m[36mCour Load (0.2ms)[0m  [1m[34mSELECT  "cours".* FROM "cours" WHERE "cours"."id" = ? LIMIT ?[0m  [["id", 2], ["LIMIT", 1]]
  ↳ db/seeds.rb:7
  [1m[36mLesson Create (0.5ms)[0m  [1m[32mINSERT INTO "lessons" ("title", "body", "cour_id", "created_at", "updated_at") VALUES (?, ?, ?, ?, ?)[0m  [["title", "Eltdown Shards"], ["body", "Decadent blasphemous immemorial. Squamous gibbous gambrel spectral tentacles antediluvian gibbering. Hideous cyclopean abnormal stench manuscript singular. Non-euclidean nameless effulgence singular."], ["cour_id", 2], ["created_at", "2018-10-24 16:51:46.560092"], ["updated_at", "2018-10-24 16:51:46.560092"]]
  ↳ db/seeds.rb:7
  [1m[35m (103.9ms)[0m  [1m[36mcommit transaction[0m
  ↳ db/seeds.rb:7
  [1m[35m (0.1ms)[0m  [1m[36mbegin transaction[0m
  ↳ db/seeds.rb:7
  [1m[36mCour Load (0.2ms)[0m  [1m[34mSELECT  "cours".* FROM "cours" WHERE "cours"."id" = ? LIMIT ?[0m  [["id", 2], ["LIMIT", 1]]
  ↳ db/seeds.rb:7
  [1m[36mLesson Create (0.5ms)[0m  [1m[32mINSERT INTO "lessons" ("title", "body", "cour_id", "created_at", "updated_at") VALUES (?, ?, ?, ?, ?)[0m  [["title", "Eltdown Shards"], ["body", "Ululate tenebrous daemoniac abnormal eldritch immemorial antediluvian non-euclidean. Unnamable cyclopean eldritch. Stench hideous mortal."], ["cour_id", 2], ["created_at", "2018-10-24 16:51:46.669570"], ["updated_at", "2018-10-24 16:51:46.669570"]]
  ↳ db/seeds.rb:7
  [1m[35m (104.6ms)[0m  [1m[36mcommit transaction[0m
  ↳ db/seeds.rb:7
  [1m[35m (0.1ms)[0m  [1m[36mbegin transaction[0m
  ↳ db/seeds.rb:7
  [1m[36mCour Load (0.2ms)[0m  [1m[34mSELECT  "cours".* FROM "cours" WHERE "cours"."id" = ? LIMIT ?[0m  [["id", 3], ["LIMIT", 1]]
  ↳ db/seeds.rb:7
  [1m[36mLesson Create (0.5ms)[0m  [1m[32mINSERT INTO "lessons" ("title", "body", "cour_id", "created_at", "updated_at") VALUES (?, ?, ?, ?, ?)[0m  [["title", "De Vermis Mysteriis"], ["body", "Dank accursed cat decadent madness immemorial. Dank indescribable swarthy unnamable stench tentacles non-euclidean. Charnel unnamable gibbous fainted."], ["cour_id", 3], ["created_at", "2018-10-24 16:51:46.779680"], ["updated_at", "2018-10-24 16:51:46.779680"]]
  ↳ db/seeds.rb:7
  [1m[35m (103.7ms)[0m  [1m[36mcommit transaction[0m
  ↳ db/seeds.rb:7
  [1m[35m (0.1ms)[0m  [1m[36mbegin transaction[0m
  ↳ db/seeds.rb:7
  [1m[36mCour Load (0.2ms)[0m  [1m[34mSELECT  "cours".* FROM "cours" WHERE "cours"."id" = ? LIMIT ?[0m  [["id", 1], ["LIMIT", 1]]
  ↳ db/seeds.rb:7
  [1m[36mLesson Create (0.6ms)[0m  [1m[32mINSERT INTO "lessons" ("title", "body", "cour_id", "created_at", "updated_at") VALUES (?, ?, ?, ?, ?)[0m  [["title", "De Vermis Mysteriis"], ["body", "Unmentionable eldritch noisome charnel cyclopean accursed unutterable. Dank effulgence swarthy mortal gibbering fainted manuscript. Madness non-euclidean ululate decadent unutterable shunned."], ["cour_id", 1], ["created_at", "2018-10-24 16:51:46.888898"], ["updated_at", "2018-10-24 16:51:46.888898"]]
  ↳ db/seeds.rb:7
  [1m[35m (129.1ms)[0m  [1m[36mcommit transaction[0m
  ↳ db/seeds.rb:7
  [1m[35m (0.1ms)[0m  [1m[36mbegin transaction[0m
  ↳ db/seeds.rb:7
  [1m[36mCour Load (0.2ms)[0m  [1m[34mSELECT  "cours".* FROM "cours" WHERE "cours"."id" = ? LIMIT ?[0m  [["id", 3], ["LIMIT", 1]]
  ↳ db/seeds.rb:7
  [1m[36mLesson Create (0.5ms)[0m  [1m[32mINSERT INTO "lessons" ("title", "body", "cour_id", "created_at", "updated_at") VALUES (?, ?, ?, ?, ?)[0m  [["title", "De Vermis Mysteriis"], ["body", "Lurk manuscript amorphous foetid. Furtive gibbous ululate cat noisome singular comprehension. Amorphous tenebrous stygian tentacles charnel antediluvian unmentionable gambrel. Gambrel manuscript dank blasphemous unmentionable antediluvian charnel."], ["cour_id", 3], ["created_at", "2018-10-24 16:51:47.024041"], ["updated_at", "2018-10-24 16:51:47.024041"]]
  ↳ db/seeds.rb:7
  [1m[35m (103.7ms)[0m  [1m[36mcommit transaction[0m
  ↳ db/seeds.rb:7
  [1m[35m (0.1ms)[0m  [1m[36mbegin transaction[0m
  ↳ db/seeds.rb:7
  [1m[36mCour Load (0.2ms)[0m  [1m[34mSELECT  "cours".* FROM "cours" WHERE "cours"."id" = ? LIMIT ?[0m  [["id", 1], ["LIMIT", 1]]
  ↳ db/seeds.rb:7
  [1m[36mLesson Create (0.5ms)[0m  [1m[32mINSERT INTO "lessons" ("title", "body", "cour_id", "created_at", "updated_at") VALUES (?, ?, ?, ?, ?)[0m  [["title", "Book of Eibon"], ["body", "Loathsome cyclopean foetid shunned swarthy squamous noisome unutterable. Hideous indescribable amorphous fungus eldritch. Manuscript fungus stench unutterable loathsome hideous lurk gambrel. Squamous unnamable tentacles accursed loathsome."], ["cour_id", 1], ["created_at", "2018-10-24 16:51:47.133446"], ["updated_at", "2018-10-24 16:51:47.133446"]]
  ↳ db/seeds.rb:7
  [1m[35m (112.9ms)[0m  [1m[36mcommit transaction[0m
  ↳ db/seeds.rb:7
  [1m[36mCour Load (0.4ms)[0m  [1m[34mSELECT  "cours".* FROM "cours" LIMIT ?[0m  [["LIMIT", 11]]
  [1m[36mLesson Load (0.5ms)[0m  [1m[34mSELECT  "lessons".* FROM "lessons" LIMIT ?[0m  [["LIMIT", 11]]
  [1m[36mLesson Load (0.4ms)[0m  [1m[34mSELECT  "lessons".* FROM "lessons" WHERE "lessons"."id" = ? LIMIT ?[0m  [["id", 5], ["LIMIT", 1]]
  [1m[36mCour Load (0.4ms)[0m  [1m[34mSELECT  "cours".* FROM "cours" WHERE "cours"."id" = ? LIMIT ?[0m  [["id", 2], ["LIMIT", 1]]
  [1m[36mLesson Load (0.3ms)[0m  [1m[34mSELECT  "lessons".* FROM "lessons" WHERE "lessons"."id" = ? LIMIT ?[0m  [["id", 5], ["LIMIT", 1]]
  [1m[36mCour Load (0.2ms)[0m  [1m[34mSELECT  "cours".* FROM "cours" WHERE "cours"."id" = ? LIMIT ?[0m  [["id", 2], ["LIMIT", 1]]
  [1m[36mCour Load (0.2ms)[0m  [1m[34mSELECT  "cours".* FROM "cours" WHERE "cours"."id" = ? LIMIT ?[0m  [["id", 2], ["LIMIT", 1]]
  [1m[36mLesson Load (0.1ms)[0m  [1m[34mSELECT  "lessons".* FROM "lessons" WHERE "lessons"."cour_id" = ? LIMIT ?[0m  [["cour_id", 2], ["LIMIT", 11]]
  [1m[36mCour Load (0.3ms)[0m  [1m[34mSELECT  "cours".* FROM "cours" WHERE "cours"."id" = ? LIMIT ?[0m  [["id", 2], ["LIMIT", 1]]
  [1m[35m (0.3ms)[0m  [1m[34mSELECT "lessons"."id" FROM "lessons" WHERE "lessons"."cour_id" = ?[0m  [["cour_id", 2]]
  [1m[36mCour Load (0.2ms)[0m  [1m[34mSELECT  "cours".* FROM "cours" WHERE "cours"."id" = ? LIMIT ?[0m  [["id", 2], ["LIMIT", 1]]
  [1m[36mLesson Load (0.3ms)[0m  [1m[34mSELECT  "lessons".* FROM "lessons" WHERE "lessons"."cour_id" = ? LIMIT ?[0m  [["cour_id", 2], ["LIMIT", 11]]
  [1m[36mCour Load (0.3ms)[0m  [1m[34mSELECT  "cours".* FROM "cours" WHERE "cours"."id" = ? LIMIT ?[0m  [["id", 2], ["LIMIT", 1]]
  [1m[35m (0.2ms)[0m  [1m[34mSELECT "lessons"."id" FROM "lessons" WHERE "lessons"."cour_id" = ?[0m  [["cour_id", 2]]
